# JRE version: OpenJDK Runtime Environment (8.0_202-b03) (build 1.8.0_202-release-1483-b03)
# Java VM: OpenJDK 64-Bit Server VM (25.202-b03 mixed mode windows-amd64 compressed oops)
Heap:
 PSYoungGen      total 168960K, used 66953K [0x00000000e0000000, 0x00000000ece80000, 0x0000000100000000)
  eden space 144896K, 29% used [0x00000000e0000000,0x00000000e2a0b8a0,0x00000000e8d80000)
  from space 24064K, 99% used [0x00000000eb700000,0x00000000ece56db0,0x00000000ece80000)
  to   space 32768K, 0% used [0x00000000e8e80000,0x00000000e8e80000,0x00000000eae80000)
 ParOldGen       total 146432K, used 62642K [0x00000000a0000000, 0x00000000a8f00000, 0x00000000e0000000)
  object space 146432K, 42% used [0x00000000a0000000,0x00000000a3d2c9f8,0x00000000a8f00000)
 Metaspace       used 99566K, capacity 104110K, committed 104448K, reserved 1140736K
  class space    used 12775K, capacity 13726K, committed 13824K, reserved 1048576K
GC Heap History (10 events):
Event: 156.827 GC heap before
{Heap before GC invocations=26 (full 3):
 PSYoungGen      total 163328K, used 163298K [0x00000000e0000000, 0x00000000eca00000, 0x0000000100000000)
  eden space 140800K, 100% used [0x00000000e0000000,0x00000000e8980000,0x00000000e8980000)
  from space 22528K, 99% used [0x00000000ea680000,0x00000000ebc78a08,0x00000000ebc80000)
  to   space 29696K, 0% used [0x00000000e8980000,0x00000000e8980000,0x00000000ea680000)
 ParOldGen       total 87552K, used 62689K [0x00000000a0000000, 0x00000000a5580000, 0x00000000e0000000)
  object space 87552K, 71% used [0x00000000a0000000,0x00000000a3d38400,0x00000000a5580000)
 Metaspace       used 76896K, capacity 79928K, committed 80128K, reserved 1118208K
  class space    used 10009K, capacity 10696K, committed 10752K, reserved 1048576K
Event: 156.875 GC heap after
Heap after GC invocations=26 (full 3):
 PSYoungGen      total 170496K, used 13375K [0x00000000e0000000, 0x00000000ec900000, 0x0000000100000000)
  eden space 140800K, 0% used [0x00000000e0000000,0x00000000e0000000,0x00000000e8980000)
  from space 29696K, 45% used [0x00000000e8980000,0x00000000e968ff58,0x00000000ea680000)
  to   space 28160K, 0% used [0x00000000ead80000,0x00000000ead80000,0x00000000ec900000)
 ParOldGen       total 87552K, used 75715K [0x00000000a0000000, 0x00000000a5580000, 0x00000000e0000000)
  object space 87552K, 86% used [0x00000000a0000000,0x00000000a49f0d50,0x00000000a5580000)
 Metaspace       used 76896K, capacity 79928K, committed 80128K, reserved 1118208K
  class space    used 10009K, capacity 10696K, committed 10752K, reserved 1048576K
}
Event: 156.875 GC heap before
{Heap before GC invocations=27 (full 4):
 PSYoungGen      total 170496K, used 13375K [0x00000000e0000000, 0x00000000ec900000, 0x0000000100000000)
  eden space 140800K, 0% used [0x00000000e0000000,0x00000000e0000000,0x00000000e8980000)
  from space 29696K, 45% used [0x00000000e8980000,0x00000000e968ff58,0x00000000ea680000)
  to   space 28160K, 0% used [0x00000000ead80000,0x00000000ead80000,0x00000000ec900000)
 ParOldGen       total 87552K, used 75715K [0x00000000a0000000, 0x00000000a5580000, 0x00000000e0000000)
  object space 87552K, 86% used [0x00000000a0000000,0x00000000a49f0d50,0x00000000a5580000)
 Metaspace       used 76896K, capacity 79928K, committed 80128K, reserved 1118208K
  class space    used 10009K, capacity 10696K, committed 10752K, reserved 1048576K
Event: 157.226 GC heap after
Heap after GC invocations=27 (full 4):
 PSYoungGen      total 170496K, used 0K [0x00000000e0000000, 0x00000000ec900000, 0x0000000100000000)
  eden space 140800K, 0% used [0x00000000e0000000,0x00000000e0000000,0x00000000e8980000)
  from space 29696K, 0% used [0x00000000e8980000,0x00000000e8980000,0x00000000ea680000)
  to   space 28160K, 0% used [0x00000000ead80000,0x00000000ead80000,0x00000000ec900000)
 ParOldGen       total 146432K, used 62618K [0x00000000a0000000, 0x00000000a8f00000, 0x00000000e0000000)
  object space 146432K, 42% used [0x00000000a0000000,0x00000000a3d269f8,0x00000000a8f00000)
 Metaspace       used 76877K, capacity 79878K, committed 80128K, reserved 1118208K
  class space    used 10004K, capacity 10687K, committed 10752K, reserved 1048576K
}
Event: 1273.920 GC heap before
{Heap before GC invocations=28 (full 4):
 PSYoungGen      total 170496K, used 140800K [0x00000000e0000000, 0x00000000ec900000, 0x0000000100000000)
  eden space 140800K, 100% used [0x00000000e0000000,0x00000000e8980000,0x00000000e8980000)
  from space 29696K, 0% used [0x00000000e8980000,0x00000000e8980000,0x00000000ea680000)
  to   space 28160K, 0% used [0x00000000ead80000,0x00000000ead80000,0x00000000ec900000)
 ParOldGen       total 146432K, used 62618K [0x00000000a0000000, 0x00000000a8f00000, 0x00000000e0000000)
  object space 146432K, 42% used [0x00000000a0000000,0x00000000a3d269f8,0x00000000a8f00000)
 Metaspace       used 85004K, capacity 88724K, committed 89088K, reserved 1126400K
  class space    used 10923K, capacity 11694K, committed 11776K, reserved 1048576K
Event: 1273.943 GC heap after
Heap after GC invocations=28 (full 4):
 PSYoungGen      total 176640K, used 15305K [0x00000000e0000000, 0x00000000ec800000, 0x0000000100000000)
  eden space 149504K, 0% used [0x00000000e0000000,0x00000000e0000000,0x00000000e9200000)
  from space 27136K, 56% used [0x00000000ead80000,0x00000000ebc72638,0x00000000ec800000)
  to   space 27648K, 0% used [0x00000000e9200000,0x00000000e9200000,0x00000000ead00000)
 ParOldGen       total 146432K, used 62626K [0x00000000a0000000, 0x00000000a8f00000, 0x00000000e0000000)
  object space 146432K, 42% used [0x00000000a0000000,0x00000000a3d289f8,0x00000000a8f00000)
 Metaspace       used 85004K, capacity 88724K, committed 89088K, reserved 1126400K
  class space    used 10923K, capacity 11694K, committed 11776K, reserved 1048576K
}
Event: 1278.754 GC heap before
{Heap before GC invocations=29 (full 4):
 PSYoungGen      total 176640K, used 164809K [0x00000000e0000000, 0x00000000ec800000, 0x0000000100000000)
  eden space 149504K, 100% used [0x00000000e0000000,0x00000000e9200000,0x00000000e9200000)
  from space 27136K, 56% used [0x00000000ead80000,0x00000000ebc72638,0x00000000ec800000)
  to   space 27648K, 0% used [0x00000000e9200000,0x00000000e9200000,0x00000000ead00000)
 ParOldGen       total 146432K, used 62626K [0x00000000a0000000, 0x00000000a8f00000, 0x00000000e0000000)
  object space 146432K, 42% used [0x00000000a0000000,0x00000000a3d289f8,0x00000000a8f00000)
 Metaspace       used 93975K, capacity 98192K, committed 98432K, reserved 1134592K
  class space    used 12247K, capacity 13151K, committed 13184K, reserved 1048576K
Event: 1278.779 GC heap after
Heap after GC invocations=29 (full 4):
 PSYoungGen      total 177152K, used 23980K [0x00000000e0000000, 0x00000000ed500000, 0x0000000100000000)
  eden space 149504K, 0% used [0x00000000e0000000,0x00000000e0000000,0x00000000e9200000)
  from space 27648K, 86% used [0x00000000e9200000,0x00000000ea96b1d8,0x00000000ead00000)
  to   space 30720K, 0% used [0x00000000eb700000,0x00000000eb700000,0x00000000ed500000)
 ParOldGen       total 146432K, used 62634K [0x00000000a0000000, 0x00000000a8f00000, 0x00000000e0000000)
  object space 146432K, 42% used [0x00000000a0000000,0x00000000a3d2a9f8,0x00000000a8f00000)
 Metaspace       used 93975K, capacity 98192K, committed 98432K, reserved 1134592K
  class space    used 12247K, capacity 13151K, committed 13184K, reserved 1048576K
}
Event: 1740.059 GC heap before
{Heap before GC invocations=30 (full 4):
 PSYoungGen      total 177152K, used 173484K [0x00000000e0000000, 0x00000000ed500000, 0x0000000100000000)
  eden space 149504K, 100% used [0x00000000e0000000,0x00000000e9200000,0x00000000e9200000)
  from space 27648K, 86% used [0x00000000e9200000,0x00000000ea96b1d8,0x00000000ead00000)
  to   space 30720K, 0% used [0x00000000eb700000,0x00000000eb700000,0x00000000ed500000)
 ParOldGen       total 146432K, used 62634K [0x00000000a0000000, 0x00000000a8f00000, 0x00000000e0000000)
  object space 146432K, 42% used [0x00000000a0000000,0x00000000a3d2a9f8,0x00000000a8f00000)
 Metaspace       used 98905K, capacity 103444K, committed 103552K, reserved 1138688K
  class space    used 12695K, capacity 13613K, committed 13696K, reserved 1048576K
Event: 1740.231 GC heap after
Heap after GC invocations=30 (full 4):
 PSYoungGen      total 168960K, used 23899K [0x00000000e0000000, 0x00000000ece80000, 0x0000000100000000)
  eden space 144896K, 0% used [0x00000000e0000000,0x00000000e0000000,0x00000000e8d80000)
  from space 24064K, 99% used [0x00000000eb700000,0x00000000ece56db0,0x00000000ece80000)
  to   space 32768K, 0% used [0x00000000e8e80000,0x00000000e8e80000,0x00000000eae80000)
 ParOldGen       total 146432K, used 62642K [0x00000000a0000000, 0x00000000a8f00000, 0x00000000e0000000)
  object space 146432K, 42% used [0x00000000a0000000,0x00000000a3d2c9f8,0x00000000a8f00000)
 Metaspace       used 98905K, capacity 103444K, committed 103552K, reserved 1138688K
  class space    used 12695K, capacity 13613K, committed 13696K, reserved 1048576K
}

